<?xml version="1.0" encoding="UTF-8"?>
<!-- Generated by org.testng.reporters.JUnitReportReporter -->
<testsuite hostname="DESKTOP-B84KNI1" failures="0" tests="1" name="beautify.LaunchLakme_Test" time="18.402" errors="0" timestamp="2024-03-28T20:47:29 IST" skipped="0">
  <testcase classname="beautify.LaunchLakme_Test" name="lakme" time="18.402"/>
  <system-out/>
</testsuite> <!-- beautify.LaunchLakme_Test -->
